[debug] [2026-05-13T21:41:17.140Z] ----------------------------------------------------------------------
[debug] [2026-05-13T21:41:17.142Z] Command:       /home/mmills/.nvm/versions/node/v24.6.0/bin/node /usr/local/bin/firebase emulators:start --only functions
[debug] [2026-05-13T21:41:17.143Z] CLI Version:   15.17.0
[debug] [2026-05-13T21:41:17.143Z] Platform:      linux
[debug] [2026-05-13T21:41:17.143Z] Node Version:  v24.6.0
[debug] [2026-05-13T21:41:17.143Z] Time:          Wed May 13 2026 17:41:17 GMT-0400 (Eastern Daylight Time)
[debug] [2026-05-13T21:41:17.143Z] ----------------------------------------------------------------------
[debug] 
[debug] [2026-05-13T21:41:17.753Z] > command requires scopes: ["email","openid","https://www.googleapis.com/auth/cloudplatformprojects.readonly","https://www.googleapis.com/auth/firebase","https://www.googleapis.com/auth/cloud-platform"]
[debug] [2026-05-13T21:41:17.754Z] > authorizing via signed-in user (mmills6060@gmail.com)
[info] i  emulators: Starting emulators: functions {"metadata":{"emulator":{"name":"hub"},"message":"Starting emulators: functions"}}
[debug] [2026-05-13T21:41:17.758Z] assigned listening specs for emulators {"user":{"hub":[{"address":"127.0.0.1","family":"IPv4","port":4400}],"ui":[{"address":"127.0.0.1","family":"IPv4","port":4000}],"logging":[{"address":"127.0.0.1","family":"IPv4","port":4500}]},"metadata":{"message":"assigned listening specs for emulators"}}
[debug] [2026-05-13T21:41:17.762Z] Write emulator hub locator at /tmp/hub-observe-ai-11a08.json
[debug] [2026-05-13T21:41:17.767Z] late-assigned ports for functions and eventarc emulators {"user":{"hub":[{"address":"127.0.0.1","family":"IPv4","port":4400}],"ui":[{"address":"127.0.0.1","family":"IPv4","port":4000}],"logging":[{"address":"127.0.0.1","family":"IPv4","port":4500}],"functions":[{"address":"127.0.0.1","family":"IPv4","port":5001}],"eventarc":[{"address":"127.0.0.1","family":"IPv4","port":9299}],"tasks":[{"address":"127.0.0.1","family":"IPv4","port":9499}]},"metadata":{"message":"late-assigned ports for functions and eventarc emulators"}}
[warn] ⚠  functions: The following emulators are not running, calls to these services from the Functions emulator will affect production: apphosting, auth, firestore, database, hosting, pubsub, storage, dataconnect {"metadata":{"emulator":{"name":"functions"},"message":"The following emulators are not running, calls to these services from the Functions emulator will affect production: \u001b[1mapphosting, auth, firestore, database, hosting, pubsub, storage, dataconnect\u001b[22m"}}
[debug] [2026-05-13T21:41:17.790Z] defaultcredentials: writing to file /home/mmills/.config/firebase/mmills6060_gmail_com_application_default_credentials.json
[debug] [2026-05-13T21:41:17.791Z] Setting GAC to /home/mmills/.config/firebase/mmills6060_gmail_com_application_default_credentials.json {"metadata":{"emulator":{"name":"functions"},"message":"Setting GAC to /home/mmills/.config/firebase/mmills6060_gmail_com_application_default_credentials.json"}}
[debug] [2026-05-13T21:41:17.792Z] Checked if tokens are valid: false, expires at: 1778709221678
[debug] [2026-05-13T21:41:17.792Z] Checked if tokens are valid: false, expires at: 1778709221678
[debug] [2026-05-13T21:41:17.792Z] > refreshing access token with scopes: []
[debug] [2026-05-13T21:41:17.793Z] >>> [apiv2][query] POST https://www.googleapis.com/oauth2/v3/token [none]
[debug] [2026-05-13T21:41:17.793Z] >>> [apiv2][body] POST https://www.googleapis.com/oauth2/v3/token [omitted]
[debug] [2026-05-13T21:41:17.905Z] <<< [apiv2][status] POST https://www.googleapis.com/oauth2/v3/token 200
[debug] [2026-05-13T21:41:17.906Z] <<< [apiv2][body] POST https://www.googleapis.com/oauth2/v3/token [omitted]
[debug] [2026-05-13T21:41:17.914Z] >>> [apiv2][query] GET https://firebase.googleapis.com/v1beta1/projects/observe-ai-11a08/adminSdkConfig [none]
[debug] [2026-05-13T21:41:18.138Z] <<< [apiv2][status] GET https://firebase.googleapis.com/v1beta1/projects/observe-ai-11a08/adminSdkConfig 200
[debug] [2026-05-13T21:41:18.138Z] <<< [apiv2][body] GET https://firebase.googleapis.com/v1beta1/projects/observe-ai-11a08/adminSdkConfig {"projectId":"observe-ai-11a08","storageBucket":"observe-ai-11a08.firebasestorage.app"}
[info] i  functions: Watching "/home/mmills/Documents/ObserveAI-Assessment/functions" for Cloud Functions... {"metadata":{"emulator":{"name":"functions"},"message":"Watching \"/home/mmills/Documents/ObserveAI-Assessment/functions\" for Cloud Functions..."}}
[debug] [2026-05-13T21:41:18.155Z] Validating nodejs source
[debug] [2026-05-13T21:41:18.471Z] > [functions] package.json contents: {
  "name": "functions",
  "scripts": {
    "lint": "eslint --ext .js,.ts .",
    "build": "tsc",
    "build:watch": "tsc --watch",
    "serve": "npm run build && firebase emulators:start --only functions",
    "shell": "npm run build && firebase functions:shell",
    "start": "npm run shell",
    "deploy": "firebase deploy --only functions",
    "logs": "firebase functions:log"
  },
  "engines": {
    "node": "24"
  },
  "main": "lib/index.js",
  "dependencies": {
    "@notionhq/client": "^5.21.0",
    "firebase-admin": "^13.6.0",
    "firebase-functions": "^7.0.0"
  },
  "devDependencies": {
    "@typescript-eslint/eslint-plugin": "^5.12.0",
    "@typescript-eslint/parser": "^5.12.0",
    "eslint": "^8.9.0",
    "eslint-config-google": "^0.14.0",
    "eslint-plugin-import": "^2.25.4",
    "firebase-functions-test": "^3.4.1",
    "typescript": "^6.0.0"
  },
  "private": true
}
[debug] [2026-05-13T21:41:18.471Z] Building nodejs source
[debug] [2026-05-13T21:41:18.472Z] Failed to find version of module node: reached end of search path /home/mmills/Documents/ObserveAI-Assessment/functions/node_modules
[info] ✔  functions: Using node@24 from host. 
[debug] [2026-05-13T21:41:18.474Z] Could not find functions.yaml. Must use http discovery
[debug] [2026-05-13T21:41:18.478Z] Found firebase-functions binary at '/home/mmills/Documents/ObserveAI-Assessment/functions/node_modules/.bin/firebase-functions'
[info] Serving at port 8927

[debug] [2026-05-13T21:41:18.734Z] Got response from /__/functions.yaml {"endpoints":{"getNotionRecord":{"availableMemoryMb":null,"timeoutSeconds":null,"minInstances":null,"maxInstances":10,"ingressSettings":null,"concurrency":null,"serviceAccountEmail":null,"vpc":null,"platform":"gcfv2","secretEnvironmentVariables":[{"key":"NOTION_TOKEN"}],"labels":{},"httpsTrigger":{},"entryPoint":"getNotionRecord"}},"specVersion":"v1alpha1","requiredAPIs":[],"extensions":{},"params":[{"type":"secret","name":"NOTION_TOKEN"}]}
[info] ✔  functions: Loaded functions definitions from source: getNotionRecord. {"metadata":{"emulator":{"name":"functions"},"message":"Loaded functions definitions from source: getNotionRecord."}}
[info] ✔  functions[us-central1-getNotionRecord]: http function initialized (http://127.0.0.1:5001/observe-ai-11a08/us-central1/getNotionRecord). {"metadata":{"emulator":{"name":"functions"},"message":"\u001b[1mhttp\u001b[22m function initialized (http://127.0.0.1:5001/observe-ai-11a08/us-central1/getNotionRecord)."}}
[debug] [2026-05-13T21:41:22.757Z] Could not find VSCode notification endpoint: FetchError: request to http://localhost:40001/vscode/notify failed, reason: connect ECONNREFUSED 127.0.0.1:40001. If you are not running the Firebase SQL Connect VSCode extension, this is expected and not an issue.
[info] 
┌─────────────────────────────────────────────────────────────┐
│ ✔  All emulators ready! It is now safe to connect your app. │
│ i  View Emulator UI at http://127.0.0.1:4000/               │
└─────────────────────────────────────────────────────────────┘

┌───────────┬────────────────┬─────────────────────────────────┐
│ Emulator  │ Host:Port      │ View in Emulator UI             │
├───────────┼────────────────┼─────────────────────────────────┤
│ Functions │ 127.0.0.1:5001 │ http://127.0.0.1:4000/functions │
└───────────┴────────────────┴─────────────────────────────────┘
  Emulator Hub host: 127.0.0.1 port: 4400
  Other reserved ports: 4500

Issues? Report them at https://github.com/firebase/firebase-tools/issues and attach the *-debug.log files.
 
[debug] [2026-05-13T21:41:26.501Z] [work-queue] {"queuedWork":["/observe-ai-11a08/us-central1/appendNotionRecord-2026-05-13T21:41:26.501Z"],"queueLength":1,"runningWork":[],"workRunningCount":0}
[debug] [2026-05-13T21:41:26.501Z] [work-queue] {"queuedWork":[],"queueLength":0,"runningWork":["/observe-ai-11a08/us-central1/appendNotionRecord-2026-05-13T21:41:26.501Z"],"workRunningCount":1}
[debug] [2026-05-13T21:41:26.503Z] [work-queue] {"queuedWork":[],"queueLength":0,"runningWork":[],"workRunningCount":0}
[debug] [2026-05-13T21:42:23.733Z] File /home/mmills/Documents/ObserveAI-Assessment/functions/lib/notion/get-database-record.js.map changed, reloading triggers {"metadata":{"emulator":{"name":"functions"},"message":"File /home/mmills/Documents/ObserveAI-Assessment/functions/lib/notion/get-database-record.js.map changed, reloading triggers"}}
[debug] [2026-05-13T21:42:23.733Z] File /home/mmills/Documents/ObserveAI-Assessment/functions/lib/notion/get-database-record.js changed, reloading triggers {"metadata":{"emulator":{"name":"functions"},"message":"File /home/mmills/Documents/ObserveAI-Assessment/functions/lib/notion/get-database-record.js changed, reloading triggers"}}
[debug] [2026-05-13T21:42:23.740Z] File /home/mmills/Documents/ObserveAI-Assessment/functions/lib/index.js.map changed, reloading triggers {"metadata":{"emulator":{"name":"functions"},"message":"File /home/mmills/Documents/ObserveAI-Assessment/functions/lib/index.js.map changed, reloading triggers"}}
[debug] [2026-05-13T21:42:23.741Z] File /home/mmills/Documents/ObserveAI-Assessment/functions/lib/index.js changed, reloading triggers {"metadata":{"emulator":{"name":"functions"},"message":"File /home/mmills/Documents/ObserveAI-Assessment/functions/lib/index.js changed, reloading triggers"}}
[debug] [2026-05-13T21:42:24.742Z] Validating nodejs source
[debug] [2026-05-13T21:42:25.058Z] > [functions] package.json contents: {
  "name": "functions",
  "scripts": {
    "lint": "eslint --ext .js,.ts .",
    "build": "tsc",
    "build:watch": "tsc --watch",
    "serve": "npm run build && firebase emulators:start --only functions",
    "shell": "npm run build && firebase functions:shell",
    "start": "npm run shell",
    "deploy": "firebase deploy --only functions",
    "logs": "firebase functions:log"
  },
  "engines": {
    "node": "24"
  },
  "main": "lib/index.js",
  "dependencies": {
    "@notionhq/client": "^5.21.0",
    "firebase-admin": "^13.6.0",
    "firebase-functions": "^7.0.0"
  },
  "devDependencies": {
    "@typescript-eslint/eslint-plugin": "^5.12.0",
    "@typescript-eslint/parser": "^5.12.0",
    "eslint": "^8.9.0",
    "eslint-config-google": "^0.14.0",
    "eslint-plugin-import": "^2.25.4",
    "firebase-functions-test": "^3.4.1",
    "typescript": "^6.0.0"
  },
  "private": true
}
[debug] [2026-05-13T21:42:25.059Z] Building nodejs source
[debug] [2026-05-13T21:42:25.059Z] Failed to find version of module node: reached end of search path /home/mmills/Documents/ObserveAI-Assessment/functions/node_modules
[info] ✔  functions: Using node@24 from host. 
[debug] [2026-05-13T21:42:25.059Z] Could not find functions.yaml. Must use http discovery
[debug] [2026-05-13T21:42:25.060Z] Found firebase-functions binary at '/home/mmills/Documents/ObserveAI-Assessment/functions/node_modules/.bin/firebase-functions'
[info] Serving at port 8981

[debug] [2026-05-13T21:42:25.334Z] Got response from /__/functions.yaml {"endpoints":{"getNotionRecord":{"availableMemoryMb":null,"timeoutSeconds":null,"minInstances":null,"maxInstances":10,"ingressSettings":null,"concurrency":null,"serviceAccountEmail":null,"vpc":null,"platform":"gcfv2","secretEnvironmentVariables":[{"key":"NOTION_TOKEN"}],"labels":{},"httpsTrigger":{},"entryPoint":"getNotionRecord"},"appendNotionRecord":{"availableMemoryMb":null,"timeoutSeconds":null,"minInstances":null,"maxInstances":10,"ingressSettings":null,"concurrency":null,"serviceAccountEmail":null,"vpc":null,"platform":"gcfv2","secretEnvironmentVariables":[{"key":"NOTION_TOKEN"}],"labels":{},"httpsTrigger":{},"entryPoint":"appendNotionRecord"}},"specVersion":"v1alpha1","requiredAPIs":[],"extensions":{},"params":[{"type":"secret","name":"NOTION_TOKEN"}]}
[info] ✔  functions: Loaded functions definitions from source: getNotionRecord, appendNotionRecord. {"metadata":{"emulator":{"name":"functions"},"message":"Loaded functions definitions from source: getNotionRecord, appendNotionRecord."}}
[info] ✔  functions[us-central1-appendNotionRecord]: http function initialized (http://127.0.0.1:5001/observe-ai-11a08/us-central1/appendNotionRecord). {"metadata":{"emulator":{"name":"functions"},"message":"\u001b[1mhttp\u001b[22m function initialized (http://127.0.0.1:5001/observe-ai-11a08/us-central1/appendNotionRecord)."}}
[debug] [2026-05-13T21:42:40.229Z] [work-queue] {"queuedWork":["/observe-ai-11a08/us-central1/appendNotionRecord-2026-05-13T21:42:40.229Z"],"queueLength":1,"runningWork":[],"workRunningCount":0}
[debug] [2026-05-13T21:42:40.230Z] [work-queue] {"queuedWork":[],"queueLength":0,"runningWork":["/observe-ai-11a08/us-central1/appendNotionRecord-2026-05-13T21:42:40.229Z"],"workRunningCount":1}
[debug] [2026-05-13T21:42:40.230Z] Accepted request POST /observe-ai-11a08/us-central1/appendNotionRecord --> us-central1-appendNotionRecord
[debug] [2026-05-13T21:42:40.231Z] [functions] Runtime ready! Sending request! {"metadata":{"emulator":{"name":"functions"},"message":"[functions] Runtime ready! Sending request!"}}
[debug] [2026-05-13T21:42:40.231Z] [functions] Got req.url=/observe-ai-11a08/us-central1/appendNotionRecord, mapping to path=/ {"metadata":{"emulator":{"name":"functions"},"message":"[functions] Got req.url=/observe-ai-11a08/us-central1/appendNotionRecord, mapping to path=/"}}
[info] i  functions: Trying to access secret NOTION_TOKEN@latest {"metadata":{"emulator":{"name":"functions"},"message":"Trying to access secret NOTION_TOKEN@latest"}}
[debug] [2026-05-13T21:42:40.232Z] Checked if tokens are valid: true, expires at: 1778712076906
[debug] [2026-05-13T21:42:40.232Z] Checked if tokens are valid: true, expires at: 1778712076906
[debug] [2026-05-13T21:42:40.232Z] >>> [apiv2][query] GET https://secretmanager.googleapis.com/v1/projects/observe-ai-11a08/secrets/NOTION_TOKEN/versions/latest:access [none]
[debug] [2026-05-13T21:42:40.392Z] <<< [apiv2][status] GET https://secretmanager.googleapis.com/v1/projects/observe-ai-11a08/secrets/NOTION_TOKEN/versions/latest:access 200
[debug] [2026-05-13T21:42:40.392Z] <<< [apiv2][body] GET https://secretmanager.googleapis.com/v1/projects/observe-ai-11a08/secrets/NOTION_TOKEN/versions/latest:access {"name":"projects/858365875706/secrets/NOTION_TOKEN/versions/2","payload":{"data":"bnRuX1k3ODM1MDAyNjYwNk5zVndJM09xQ2xxREhST2xKRXFNU0NORnJoYXhDcnpjeW0=","dataCrc32c":"3986864935"}}
[debug] [2026-05-13T21:42:40.395Z] [worker-pool] addWorker(us-central1-appendNotionRecord) {"metadata":{"emulator":{"name":"functions"},"message":"[worker-pool] addWorker(us-central1-appendNotionRecord)"}}
[debug] [2026-05-13T21:42:40.396Z] [worker-pool] Adding worker with key us-central1-appendNotionRecord, total=1 {"metadata":{"emulator":{"name":"functions"},"message":"[worker-pool] Adding worker with key us-central1-appendNotionRecord, total=1"}}
[debug] [2026-05-13T21:42:40.837Z] [runtime-status] [49035] Resolved module firebase-admin {"declared":true,"installed":true,"version":"13.9.0","resolution":"/home/mmills/Documents/ObserveAI-Assessment/functions/node_modules/firebase-admin/lib/index.js"} {"metadata":{"emulator":{"name":"functions"},"function":{"name":"us-central1-appendNotionRecord"},"extension":{},"message":"[runtime-status] [49035] Resolved module firebase-admin {\"declared\":true,\"installed\":true,\"version\":\"13.9.0\",\"resolution\":\"/home/mmills/Documents/ObserveAI-Assessment/functions/node_modules/firebase-admin/lib/index.js\"}"}}
[debug] [2026-05-13T21:42:40.838Z] [runtime-status] [49035] Resolved module firebase-functions {"declared":true,"installed":true,"version":"7.2.5","resolution":"/home/mmills/Documents/ObserveAI-Assessment/functions/node_modules/firebase-functions/lib/v2/index.js"} {"metadata":{"emulator":{"name":"functions"},"function":{"name":"us-central1-appendNotionRecord"},"extension":{},"message":"[runtime-status] [49035] Resolved module firebase-functions {\"declared\":true,\"installed\":true,\"version\":\"7.2.5\",\"resolution\":\"/home/mmills/Documents/ObserveAI-Assessment/functions/node_modules/firebase-functions/lib/v2/index.js\"}"}}
[debug] [2026-05-13T21:42:40.838Z] [runtime-status] [49035] Outgoing network have been stubbed. [{"name":"http","status":"mocked"},{"name":"http","status":"mocked"},{"name":"https","status":"mocked"},{"name":"https","status":"mocked"},{"name":"net","status":"mocked"}] {"metadata":{"emulator":{"name":"functions"},"function":{"name":"us-central1-appendNotionRecord"},"extension":{},"message":"[runtime-status] [49035] Outgoing network have been stubbed. [{\"name\":\"http\",\"status\":\"mocked\"},{\"name\":\"http\",\"status\":\"mocked\"},{\"name\":\"https\",\"status\":\"mocked\"},{\"name\":\"https\",\"status\":\"mocked\"},{\"name\":\"net\",\"status\":\"mocked\"}]"}}
[debug] [2026-05-13T21:42:40.838Z] [runtime-status] [49035] Resolved module firebase-functions {"declared":true,"installed":true,"version":"7.2.5","resolution":"/home/mmills/Documents/ObserveAI-Assessment/functions/node_modules/firebase-functions/lib/v2/index.js"} {"metadata":{"emulator":{"name":"functions"},"function":{"name":"us-central1-appendNotionRecord"},"extension":{},"message":"[runtime-status] [49035] Resolved module firebase-functions {\"declared\":true,\"installed\":true,\"version\":\"7.2.5\",\"resolution\":\"/home/mmills/Documents/ObserveAI-Assessment/functions/node_modules/firebase-functions/lib/v2/index.js\"}"}}
[debug] [2026-05-13T21:42:40.838Z] [runtime-status] [49035] Detected firebase-functions v7+, skipping legacy stubs. {"metadata":{"emulator":{"name":"functions"},"function":{"name":"us-central1-appendNotionRecord"},"extension":{},"message":"[runtime-status] [49035] Detected firebase-functions v7+, skipping legacy stubs."}}
[debug] [2026-05-13T21:42:40.839Z] [runtime-status] [49035] Resolved module firebase-admin {"declared":true,"installed":true,"version":"13.9.0","resolution":"/home/mmills/Documents/ObserveAI-Assessment/functions/node_modules/firebase-admin/lib/index.js"} {"metadata":{"emulator":{"name":"functions"},"function":{"name":"us-central1-appendNotionRecord"},"extension":{},"message":"[runtime-status] [49035] Resolved module firebase-admin {\"declared\":true,\"installed\":true,\"version\":\"13.9.0\",\"resolution\":\"/home/mmills/Documents/ObserveAI-Assessment/functions/node_modules/firebase-admin/lib/index.js\"}"}}
[debug] [2026-05-13T21:42:40.866Z] [runtime-status] [49035] Resolved module firebase-functions {"declared":true,"installed":true,"version":"7.2.5","resolution":"/home/mmills/Documents/ObserveAI-Assessment/functions/node_modules/firebase-functions/lib/v2/index.js"} {"metadata":{"emulator":{"name":"functions"},"function":{"name":"us-central1-appendNotionRecord"},"extension":{},"message":"[runtime-status] [49035] Resolved module firebase-functions {\"declared\":true,\"installed\":true,\"version\":\"7.2.5\",\"resolution\":\"/home/mmills/Documents/ObserveAI-Assessment/functions/node_modules/firebase-functions/lib/v2/index.js\"}"}}
[debug] [2026-05-13T21:42:40.993Z] [runtime-status] [49035] firebase-admin has been stubbed. {"adminResolution":{"declared":true,"installed":true,"version":"13.9.0","resolution":"/home/mmills/Documents/ObserveAI-Assessment/functions/node_modules/firebase-admin/lib/index.js"}} {"metadata":{"emulator":{"name":"functions"},"function":{"name":"us-central1-appendNotionRecord"},"extension":{},"message":"[runtime-status] [49035] firebase-admin has been stubbed. {\"adminResolution\":{\"declared\":true,\"installed\":true,\"version\":\"13.9.0\",\"resolution\":\"/home/mmills/Documents/ObserveAI-Assessment/functions/node_modules/firebase-admin/lib/index.js\"}}"}}
[debug] [2026-05-13T21:42:41.003Z] [runtime-status] [49035] Functions runtime initialized. {"cwd":"/home/mmills/Documents/ObserveAI-Assessment/functions","node_version":"24.6.0"} {"metadata":{"emulator":{"name":"functions"},"function":{"name":"us-central1-appendNotionRecord"},"extension":{},"message":"[runtime-status] [49035] Functions runtime initialized. {\"cwd\":\"/home/mmills/Documents/ObserveAI-Assessment/functions\",\"node_version\":\"24.6.0\"}"}}
[debug] [2026-05-13T21:42:41.004Z] [runtime-status] [49035] Listening to port: /tmp/fire_emu_0855298343871ef2.sock {"metadata":{"emulator":{"name":"functions"},"function":{"name":"us-central1-appendNotionRecord"},"extension":{},"message":"[runtime-status] [49035] Listening to port: /tmp/fire_emu_0855298343871ef2.sock"}}
[debug] [2026-05-13T21:42:41.106Z] [worker-us-central1-appendNotionRecord-524380d4-7657-4498-8869-6805af195e79]: IDLE {"metadata":{"emulator":{"name":"functions"},"function":{"name":"us-central1-appendNotionRecord"},"extension":{},"message":"[worker-us-central1-appendNotionRecord-524380d4-7657-4498-8869-6805af195e79]: IDLE"}}
[debug] [2026-05-13T21:42:41.106Z] [worker-pool] submitRequest(triggerId=us-central1-appendNotionRecord) {"metadata":{"emulator":{"name":"functions"},"message":"[worker-pool] submitRequest(triggerId=us-central1-appendNotionRecord)"}}
[info] i  functions: Beginning execution of "us-central1-appendNotionRecord" {"metadata":{"emulator":{"name":"functions"},"function":{"name":"us-central1-appendNotionRecord"},"extension":{},"message":"Beginning execution of \"us-central1-appendNotionRecord\""}}
[debug] [2026-05-13T21:42:41.107Z] [worker-us-central1-appendNotionRecord-524380d4-7657-4498-8869-6805af195e79]: BUSY {"metadata":{"emulator":{"name":"functions"},"function":{"name":"us-central1-appendNotionRecord"},"extension":{},"message":"[worker-us-central1-appendNotionRecord-524380d4-7657-4498-8869-6805af195e79]: BUSY"}}
[info] >  @notionhq/client warn: request fail { {"user":"@notionhq/client warn: request fail {","metadata":{"emulator":{"name":"functions"},"function":{"name":"us-central1-appendNotionRecord"},"extension":{},"message":"\u001b[90m> \u001b[39m @notionhq/client warn: request fail {"}}
[info] >    code: 'object_not_found', {"user":"  code: 'object_not_found',","metadata":{"emulator":{"name":"functions"},"function":{"name":"us-central1-appendNotionRecord"},"extension":{},"message":"\u001b[90m> \u001b[39m   code: 'object_not_found',"}}
[info] >    message: 'Could not find database with ID: 35f1d300-a724-8090-8ab7-de360cf72bc4. Make sure the relevant pages and databases are shared with your integration "observe".', {"user":"  message: 'Could not find database with ID: 35f1d300-a724-8090-8ab7-de360cf72bc4. Make sure the relevant pages and databases are shared with your integration \"observe\".',","metadata":{"emulator":{"name":"functions"},"function":{"name":"us-central1-appendNotionRecord"},"extension":{},"message":"\u001b[90m> \u001b[39m   message: 'Could not find database with ID: 35f1d300-a724-8090-8ab7-de360cf72bc4. Make sure the relevant pages and databases are shared with your integration \"observe\".',"}}
[info] >    attempt: 0, {"user":"  attempt: 0,","metadata":{"emulator":{"name":"functions"},"function":{"name":"us-central1-appendNotionRecord"},"extension":{},"message":"\u001b[90m> \u001b[39m   attempt: 0,"}}
[info] >    requestId: '9691535e-253e-4868-a638-f1721dc04164' {"user":"  requestId: '9691535e-253e-4868-a638-f1721dc04164'","metadata":{"emulator":{"name":"functions"},"function":{"name":"us-central1-appendNotionRecord"},"extension":{},"message":"\u001b[90m> \u001b[39m   requestId: '9691535e-253e-4868-a638-f1721dc04164'"}}
[info] >  } {"user":"}","metadata":{"emulator":{"name":"functions"},"function":{"name":"us-central1-appendNotionRecord"},"extension":{},"message":"\u001b[90m> \u001b[39m }"}}
[info] >  {"severity":"ERROR","message":"Failed to append Notion record APIResponseError: Could not find database with ID: 35f1d300-a724-8090-8ab7-de360cf72bc4. Make sure the relevant pages and databases are shared with your integration \"observe\".\n    at buildRequestError (/home/mmills/Documents/ObserveAI-Assessment/functions/node_modules/@notionhq/client/build/src/errors.js:215:16)\n    at Client.executeSingleRequest (/home/mmills/Documents/ObserveAI-Assessment/functions/node_modules/@notionhq/client/build/src/Client.js:873:50)\n    at process.processTicksAndRejections (node:internal/process/task_queues:105:5)\n    at async Client.executeWithRetry (/home/mmills/Documents/ObserveAI-Assessment/functions/node_modules/@notionhq/client/build/src/Client.js:831:24)\n    at async appendNotionDatabaseRecord (/home/mmills/Documents/ObserveAI-Assessment/functions/lib/notion/append-database-record.js:25:22)\n    at async /home/mmills/Documents/ObserveAI-Assessment/functions/lib/index.js:118:24\n    at async /home/mmills/Documents/ObserveAI-Assessment/functions/node_modules/firebase-functions/lib/common/providers/https.js:566:4\n    at async runFunction (/usr/local/lib/node_modules/firebase-tools/lib/emulator/functionsEmulatorRuntime.js:400:9)\n    at async runHTTPS (/usr/local/lib/node_modules/firebase-tools/lib/emulator/functionsEmulatorRuntime.js:425:5)\n    at async /usr/local/lib/node_modules/firebase-tools/lib/emulator/functionsEmulatorRuntime.js:592:21 {\n  code: 'object_not_found',\n  status: 404,\n  headers: Headers {\n    date: 'Wed, 13 May 2026 21:42:41 GMT',\n    'content-type': 'application/json; charset=utf-8',\n    'transfer-encoding': 'chunked',\n    connection: 'keep-alive',\n    'cf-ray': '9fb4d59b7a133d3e-EWR',\n    'cf-cache-status': 'DYNAMIC',\n    etag: 'W/\"165-6w5id+u7xOlX+fp1/5Hji/U87sE\"',\n    server: 'cloudflare',\n    'strict-transport-security': 'max-age=31536000; includeSubDomains; preload',\n    vary: 'Accept-Encoding',\n    'content-security-policy': \"default-src 'none'\",\n    'referrer-policy': 'strict-origin-when-cross-origin',\n    'x-content-type-options': 'nosniff',\n    'x-dns-prefetch-control': 'off',\n    'x-download-options': 'noopen',\n    'x-frame-options': 'SAMEORIGIN',\n    'x-notion-request-id': '9691535e-253e-4868-a638-f1721dc04164',\n    'x-permitted-cross-domain-policies': 'none',\n    'x-xss-protection': '0',\n    'set-cookie': '__cf_bm=7MlTIR39DCQISEJBbXoHTyIp247PD_f..lgPU17DOlI-1778708561.1952693-1.0.1.1-mLwj5ZXe.5LRP4mzXYgi8wh57Y6p6sl8cG6U.zj9ID8GIikkw.5lB3_lUQ5RzEoIRjHP9T7EAzmmIxdhhRjoQdaV3sGk7WwgZdmbZNl7DSIsx5JwZRzq2QG7NsFZ_tBP; HttpOnly; SameSite=None; Secure; Path=/; Domain=notion.com; Expires=Wed, 13 May 2026 22:12:41 GMT',\n    'content-encoding': 'gzip',\n    'alt-svc': 'h3=\":443\"; ma=86400'\n  },\n  body: '{\"object\":\"error\",\"status\":404,\"code\":\"object_not_found\",\"message\":\"Could not find database with ID: 35f1d300-a724-8090-8ab7-de360cf72bc4. Make sure the relevant pages and databases are shared with your integration \\\\\"observe\\\\\".\",\"additional_data\":{\"integration_id\":\"35f1d300-a724-81fa-901a-0027c9aa5542\"},\"request_id\":\"9691535e-253e-4868-a638-f1721dc04164\"}',\n  additional_data: { integration_id: '35f1d300-a724-81fa-901a-0027c9aa5542' },\n  request_id: '9691535e-253e-4868-a638-f1721dc04164'\n}"} {"user":{"severity":"ERROR","message":"Failed to append Notion record APIResponseError: Could not find database with ID: 35f1d300-a724-8090-8ab7-de360cf72bc4. Make sure the relevant pages and databases are shared with your integration \"observe\".\n    at buildRequestError (/home/mmills/Documents/ObserveAI-Assessment/functions/node_modules/@notionhq/client/build/src/errors.js:215:16)\n    at Client.executeSingleRequest (/home/mmills/Documents/ObserveAI-Assessment/functions/node_modules/@notionhq/client/build/src/Client.js:873:50)\n    at process.processTicksAndRejections (node:internal/process/task_queues:105:5)\n    at async Client.executeWithRetry (/home/mmills/Documents/ObserveAI-Assessment/functions/node_modules/@notionhq/client/build/src/Client.js:831:24)\n    at async appendNotionDatabaseRecord (/home/mmills/Documents/ObserveAI-Assessment/functions/lib/notion/append-database-record.js:25:22)\n    at async /home/mmills/Documents/ObserveAI-Assessment/functions/lib/index.js:118:24\n    at async /home/mmills/Documents/ObserveAI-Assessment/functions/node_modules/firebase-functions/lib/common/providers/https.js:566:4\n    at async runFunction (/usr/local/lib/node_modules/firebase-tools/lib/emulator/functionsEmulatorRuntime.js:400:9)\n    at async runHTTPS (/usr/local/lib/node_modules/firebase-tools/lib/emulator/functionsEmulatorRuntime.js:425:5)\n    at async /usr/local/lib/node_modules/firebase-tools/lib/emulator/functionsEmulatorRuntime.js:592:21 {\n  code: 'object_not_found',\n  status: 404,\n  headers: Headers {\n    date: 'Wed, 13 May 2026 21:42:41 GMT',\n    'content-type': 'application/json; charset=utf-8',\n    'transfer-encoding': 'chunked',\n    connection: 'keep-alive',\n    'cf-ray': '9fb4d59b7a133d3e-EWR',\n    'cf-cache-status': 'DYNAMIC',\n    etag: 'W/\"165-6w5id+u7xOlX+fp1/5Hji/U87sE\"',\n    server: 'cloudflare',\n    'strict-transport-security': 'max-age=31536000; includeSubDomains; preload',\n    vary: 'Accept-Encoding',\n    'content-security-policy': \"default-src 'none'\",\n    'referrer-policy': 'strict-origin-when-cross-origin',\n    'x-content-type-options': 'nosniff',\n    'x-dns-prefetch-control': 'off',\n    'x-download-options': 'noopen',\n    'x-frame-options': 'SAMEORIGIN',\n    'x-notion-request-id': '9691535e-253e-4868-a638-f1721dc04164',\n    'x-permitted-cross-domain-policies': 'none',\n    'x-xss-protection': '0',\n    'set-cookie': '__cf_bm=7MlTIR39DCQISEJBbXoHTyIp247PD_f..lgPU17DOlI-1778708561.1952693-1.0.1.1-mLwj5ZXe.5LRP4mzXYgi8wh57Y6p6sl8cG6U.zj9ID8GIikkw.5lB3_lUQ5RzEoIRjHP9T7EAzmmIxdhhRjoQdaV3sGk7WwgZdmbZNl7DSIsx5JwZRzq2QG7NsFZ_tBP; HttpOnly; SameSite=None; Secure; Path=/; Domain=notion.com; Expires=Wed, 13 May 2026 22:12:41 GMT',\n    'content-encoding': 'gzip',\n    'alt-svc': 'h3=\":443\"; ma=86400'\n  },\n  body: '{\"object\":\"error\",\"status\":404,\"code\":\"object_not_found\",\"message\":\"Could not find database with ID: 35f1d300-a724-8090-8ab7-de360cf72bc4. Make sure the relevant pages and databases are shared with your integration \\\\\"observe\\\\\".\",\"additional_data\":{\"integration_id\":\"35f1d300-a724-81fa-901a-0027c9aa5542\"},\"request_id\":\"9691535e-253e-4868-a638-f1721dc04164\"}',\n  additional_data: { integration_id: '35f1d300-a724-81fa-901a-0027c9aa5542' },\n  request_id: '9691535e-253e-4868-a638-f1721dc04164'\n}"},"metadata":{"emulator":{"name":"functions"},"function":{"name":"us-central1-appendNotionRecord"},"extension":{},"message":"\u001b[90m> \u001b[39m {\"severity\":\"ERROR\",\"message\":\"Failed to append Notion record APIResponseError: Could not find database with ID: 35f1d300-a724-8090-8ab7-de360cf72bc4. Make sure the relevant pages and databases are shared with your integration \\\"observe\\\".\\n    at buildRequestError (/home/mmills/Documents/ObserveAI-Assessment/functions/node_modules/@notionhq/client/build/src/errors.js:215:16)\\n    at Client.executeSingleRequest (/home/mmills/Documents/ObserveAI-Assessment/functions/node_modules/@notionhq/client/build/src/Client.js:873:50)\\n    at process.processTicksAndRejections (node:internal/process/task_queues:105:5)\\n    at async Client.executeWithRetry (/home/mmills/Documents/ObserveAI-Assessment/functions/node_modules/@notionhq/client/build/src/Client.js:831:24)\\n    at async appendNotionDatabaseRecord (/home/mmills/Documents/ObserveAI-Assessment/functions/lib/notion/append-database-record.js:25:22)\\n    at async /home/mmills/Documents/ObserveAI-Assessment/functions/lib/index.js:118:24\\n    at async /home/mmills/Documents/ObserveAI-Assessment/functions/node_modules/firebase-functions/lib/common/providers/https.js:566:4\\n    at async runFunction (/usr/local/lib/node_modules/firebase-tools/lib/emulator/functionsEmulatorRuntime.js:400:9)\\n    at async runHTTPS (/usr/local/lib/node_modules/firebase-tools/lib/emulator/functionsEmulatorRuntime.js:425:5)\\n    at async /usr/local/lib/node_modules/firebase-tools/lib/emulator/functionsEmulatorRuntime.js:592:21 {\\n  code: 'object_not_found',\\n  status: 404,\\n  headers: Headers {\\n    date: 'Wed, 13 May 2026 21:42:41 GMT',\\n    'content-type': 'application/json; charset=utf-8',\\n    'transfer-encoding': 'chunked',\\n    connection: 'keep-alive',\\n    'cf-ray': '9fb4d59b7a133d3e-EWR',\\n    'cf-cache-status': 'DYNAMIC',\\n    etag: 'W/\\\"165-6w5id+u7xOlX+fp1/5Hji/U87sE\\\"',\\n    server: 'cloudflare',\\n    'strict-transport-security': 'max-age=31536000; includeSubDomains; preload',\\n    vary: 'Accept-Encoding',\\n    'content-security-policy': \\\"default-src 'none'\\\",\\n    'referrer-policy': 'strict-origin-when-cross-origin',\\n    'x-content-type-options': 'nosniff',\\n    'x-dns-prefetch-control': 'off',\\n    'x-download-options': 'noopen',\\n    'x-frame-options': 'SAMEORIGIN',\\n    'x-notion-request-id': '9691535e-253e-4868-a638-f1721dc04164',\\n    'x-permitted-cross-domain-policies': 'none',\\n    'x-xss-protection': '0',\\n    'set-cookie': '__cf_bm=7MlTIR39DCQISEJBbXoHTyIp247PD_f..lgPU17DOlI-1778708561.1952693-1.0.1.1-mLwj5ZXe.5LRP4mzXYgi8wh57Y6p6sl8cG6U.zj9ID8GIikkw.5lB3_lUQ5RzEoIRjHP9T7EAzmmIxdhhRjoQdaV3sGk7WwgZdmbZNl7DSIsx5JwZRzq2QG7NsFZ_tBP; HttpOnly; SameSite=None; Secure; Path=/; Domain=notion.com; Expires=Wed, 13 May 2026 22:12:41 GMT',\\n    'content-encoding': 'gzip',\\n    'alt-svc': 'h3=\\\":443\\\"; ma=86400'\\n  },\\n  body: '{\\\"object\\\":\\\"error\\\",\\\"status\\\":404,\\\"code\\\":\\\"object_not_found\\\",\\\"message\\\":\\\"Could not find database with ID: 35f1d300-a724-8090-8ab7-de360cf72bc4. Make sure the relevant pages and databases are shared with your integration \\\\\\\\\\\"observe\\\\\\\\\\\".\\\",\\\"additional_data\\\":{\\\"integration_id\\\":\\\"35f1d300-a724-81fa-901a-0027c9aa5542\\\"},\\\"request_id\\\":\\\"9691535e-253e-4868-a638-f1721dc04164\\\"}',\\n  additional_data: { integration_id: '35f1d300-a724-81fa-901a-0027c9aa5542' },\\n  request_id: '9691535e-253e-4868-a638-f1721dc04164'\\n}\"}"}}
[debug] [2026-05-13T21:42:41.369Z] Finishing up request with event=pause {"metadata":{"emulator":{"name":"functions"},"function":{"name":"us-central1-appendNotionRecord"},"extension":{},"message":"Finishing up request with event=pause"}}
[info] i  functions: Finished "us-central1-appendNotionRecord" in 262.409133ms {"metadata":{"emulator":{"name":"functions"},"function":{"name":"us-central1-appendNotionRecord"},"extension":{},"message":"Finished \"us-central1-appendNotionRecord\" in 262.409133ms"}}
[debug] [2026-05-13T21:42:41.370Z] [worker-us-central1-appendNotionRecord-524380d4-7657-4498-8869-6805af195e79]: IDLE {"metadata":{"emulator":{"name":"functions"},"function":{"name":"us-central1-appendNotionRecord"},"extension":{},"message":"[worker-us-central1-appendNotionRecord-524380d4-7657-4498-8869-6805af195e79]: IDLE"}}
[debug] [2026-05-13T21:42:41.370Z] Finishing up request with event=finish {"metadata":{"emulator":{"name":"functions"},"function":{"name":"us-central1-appendNotionRecord"},"extension":{},"message":"Finishing up request with event=finish"}}
[debug] [2026-05-13T21:42:41.370Z] Finishing up request with event=close {"metadata":{"emulator":{"name":"functions"},"function":{"name":"us-central1-appendNotionRecord"},"extension":{},"message":"Finishing up request with event=close"}}
[debug] [2026-05-13T21:42:41.370Z] [work-queue] {"queuedWork":[],"queueLength":0,"runningWork":[],"workRunningCount":0}
[debug] [2026-05-13T21:43:39.294Z] [work-queue] {"queuedWork":["/observe-ai-11a08/us-central1/appendNotionRecord-2026-05-13T21:43:39.294Z"],"queueLength":1,"runningWork":[],"workRunningCount":0}
[debug] [2026-05-13T21:43:39.294Z] [work-queue] {"queuedWork":[],"queueLength":0,"runningWork":["/observe-ai-11a08/us-central1/appendNotionRecord-2026-05-13T21:43:39.294Z"],"workRunningCount":1}
[debug] [2026-05-13T21:43:39.294Z] Accepted request POST /observe-ai-11a08/us-central1/appendNotionRecord --> us-central1-appendNotionRecord
[debug] [2026-05-13T21:43:39.296Z] [functions] Runtime ready! Sending request! {"metadata":{"emulator":{"name":"functions"},"message":"[functions] Runtime ready! Sending request!"}}
[debug] [2026-05-13T21:43:39.296Z] [functions] Got req.url=/observe-ai-11a08/us-central1/appendNotionRecord, mapping to path=/ {"metadata":{"emulator":{"name":"functions"},"message":"[functions] Got req.url=/observe-ai-11a08/us-central1/appendNotionRecord, mapping to path=/"}}
[debug] [2026-05-13T21:43:39.296Z] [worker-pool] submitRequest(triggerId=us-central1-appendNotionRecord) {"metadata":{"emulator":{"name":"functions"},"message":"[worker-pool] submitRequest(triggerId=us-central1-appendNotionRecord)"}}
[info] i  functions: Beginning execution of "us-central1-appendNotionRecord" {"metadata":{"emulator":{"name":"functions"},"function":{"name":"us-central1-appendNotionRecord"},"extension":{},"message":"Beginning execution of \"us-central1-appendNotionRecord\""}}
[debug] [2026-05-13T21:43:39.297Z] [worker-us-central1-appendNotionRecord-524380d4-7657-4498-8869-6805af195e79]: BUSY {"metadata":{"emulator":{"name":"functions"},"function":{"name":"us-central1-appendNotionRecord"},"extension":{},"message":"[worker-us-central1-appendNotionRecord-524380d4-7657-4498-8869-6805af195e79]: BUSY"}}
[info] >  @notionhq/client warn: request fail { {"user":"@notionhq/client warn: request fail {","metadata":{"emulator":{"name":"functions"},"function":{"name":"us-central1-appendNotionRecord"},"extension":{},"message":"\u001b[90m> \u001b[39m @notionhq/client warn: request fail {"}}
[info] >    code: 'validation_error', {"user":"  code: 'validation_error',","metadata":{"emulator":{"name":"functions"},"function":{"name":"us-central1-appendNotionRecord"},"extension":{},"message":"\u001b[90m> \u001b[39m   code: 'validation_error',"}}
[info] >    message: 'Sentiment is expected to be rich_text.', {"user":"  message: 'Sentiment is expected to be rich_text.',","metadata":{"emulator":{"name":"functions"},"function":{"name":"us-central1-appendNotionRecord"},"extension":{},"message":"\u001b[90m> \u001b[39m   message: 'Sentiment is expected to be rich_text.',"}}
[info] >    attempt: 0, {"user":"  attempt: 0,","metadata":{"emulator":{"name":"functions"},"function":{"name":"us-central1-appendNotionRecord"},"extension":{},"message":"\u001b[90m> \u001b[39m   attempt: 0,"}}
[info] >    requestId: '1b57be10-e18b-452f-afd6-cea48264e552' {"user":"  requestId: '1b57be10-e18b-452f-afd6-cea48264e552'","metadata":{"emulator":{"name":"functions"},"function":{"name":"us-central1-appendNotionRecord"},"extension":{},"message":"\u001b[90m> \u001b[39m   requestId: '1b57be10-e18b-452f-afd6-cea48264e552'"}}
[info] >  } {"user":"}","metadata":{"emulator":{"name":"functions"},"function":{"name":"us-central1-appendNotionRecord"},"extension":{},"message":"\u001b[90m> \u001b[39m }"}}
[info] >  {"severity":"ERROR","message":"Failed to append Notion record APIResponseError: Sentiment is expected to be rich_text.\n    at buildRequestError (/home/mmills/Documents/ObserveAI-Assessment/functions/node_modules/@notionhq/client/build/src/errors.js:215:16)\n    at Client.executeSingleRequest (/home/mmills/Documents/ObserveAI-Assessment/functions/node_modules/@notionhq/client/build/src/Client.js:873:50)\n    at process.processTicksAndRejections (node:internal/process/task_queues:105:5)\n    at async Client.executeWithRetry (/home/mmills/Documents/ObserveAI-Assessment/functions/node_modules/@notionhq/client/build/src/Client.js:831:24)\n    at async appendNotionDatabaseRecord (/home/mmills/Documents/ObserveAI-Assessment/functions/lib/notion/append-database-record.js:25:22)\n    at async /home/mmills/Documents/ObserveAI-Assessment/functions/lib/index.js:118:24\n    at async /home/mmills/Documents/ObserveAI-Assessment/functions/node_modules/firebase-functions/lib/common/providers/https.js:566:4\n    at async runFunction (/usr/local/lib/node_modules/firebase-tools/lib/emulator/functionsEmulatorRuntime.js:400:9)\n    at async runHTTPS (/usr/local/lib/node_modules/firebase-tools/lib/emulator/functionsEmulatorRuntime.js:425:5)\n    at async /usr/local/lib/node_modules/firebase-tools/lib/emulator/functionsEmulatorRuntime.js:592:21 {\n  code: 'validation_error',\n  status: 400,\n  headers: Headers {\n    date: 'Wed, 13 May 2026 21:43:39 GMT',\n    'content-type': 'application/json; charset=utf-8',\n    'content-length': '160',\n    connection: 'keep-alive',\n    'cf-ray': '9fb4d706fb807cb1-EWR',\n    'cf-cache-status': 'DYNAMIC',\n    etag: 'W/\"a0-+hSA28CPFI37UJOx1yedLOXMowU\"',\n    server: 'cloudflare',\n    'strict-transport-security': 'max-age=31536000; includeSubDomains; preload',\n    vary: 'Accept-Encoding',\n    'content-security-policy': \"default-src 'none'\",\n    'referrer-policy': 'strict-origin-when-cross-origin',\n    'x-content-type-options': 'nosniff',\n    'x-dns-prefetch-control': 'off',\n    'x-download-options': 'noopen',\n    'x-frame-options': 'SAMEORIGIN',\n    'x-notion-request-id': '1b57be10-e18b-452f-afd6-cea48264e552',\n    'x-permitted-cross-domain-policies': 'none',\n    'x-xss-protection': '0',\n    'set-cookie': '__cf_bm=qEUgNj07qb7VBpaMEfbV_3e9ViucXpdRLTfX2pfTYhs-1778708619.355472-1.0.1.1-VI0qgV39iTQP5aTfRHzpcOOG1p0XpSPlon87ztnL1r_gcF6CC_5stt6BjqyuxPannQKFObi9MHdGl810yxZixLZGsfUV4mw55kCECrnNo8eq8PDIYMLQX5UHRLQMb_SO; HttpOnly; SameSite=None; Secure; Path=/; Domain=notion.com; Expires=Wed, 13 May 2026 22:13:39 GMT',\n    'alt-svc': 'h3=\":443\"; ma=86400'\n  },\n  body: '{\"object\":\"error\",\"status\":400,\"code\":\"validation_error\",\"message\":\"Sentiment is expected to be rich_text.\",\"request_id\":\"1b57be10-e18b-452f-afd6-cea48264e552\"}',\n  additional_data: undefined,\n  request_id: '1b57be10-e18b-452f-afd6-cea48264e552'\n}"} {"user":{"severity":"ERROR","message":"Failed to append Notion record APIResponseError: Sentiment is expected to be rich_text.\n    at buildRequestError (/home/mmills/Documents/ObserveAI-Assessment/functions/node_modules/@notionhq/client/build/src/errors.js:215:16)\n    at Client.executeSingleRequest (/home/mmills/Documents/ObserveAI-Assessment/functions/node_modules/@notionhq/client/build/src/Client.js:873:50)\n    at process.processTicksAndRejections (node:internal/process/task_queues:105:5)\n    at async Client.executeWithRetry (/home/mmills/Documents/ObserveAI-Assessment/functions/node_modules/@notionhq/client/build/src/Client.js:831:24)\n    at async appendNotionDatabaseRecord (/home/mmills/Documents/ObserveAI-Assessment/functions/lib/notion/append-database-record.js:25:22)\n    at async /home/mmills/Documents/ObserveAI-Assessment/functions/lib/index.js:118:24\n    at async /home/mmills/Documents/ObserveAI-Assessment/functions/node_modules/firebase-functions/lib/common/providers/https.js:566:4\n    at async runFunction (/usr/local/lib/node_modules/firebase-tools/lib/emulator/functionsEmulatorRuntime.js:400:9)\n    at async runHTTPS (/usr/local/lib/node_modules/firebase-tools/lib/emulator/functionsEmulatorRuntime.js:425:5)\n    at async /usr/local/lib/node_modules/firebase-tools/lib/emulator/functionsEmulatorRuntime.js:592:21 {\n  code: 'validation_error',\n  status: 400,\n  headers: Headers {\n    date: 'Wed, 13 May 2026 21:43:39 GMT',\n    'content-type': 'application/json; charset=utf-8',\n    'content-length': '160',\n    connection: 'keep-alive',\n    'cf-ray': '9fb4d706fb807cb1-EWR',\n    'cf-cache-status': 'DYNAMIC',\n    etag: 'W/\"a0-+hSA28CPFI37UJOx1yedLOXMowU\"',\n    server: 'cloudflare',\n    'strict-transport-security': 'max-age=31536000; includeSubDomains; preload',\n    vary: 'Accept-Encoding',\n    'content-security-policy': \"default-src 'none'\",\n    'referrer-policy': 'strict-origin-when-cross-origin',\n    'x-content-type-options': 'nosniff',\n    'x-dns-prefetch-control': 'off',\n    'x-download-options': 'noopen',\n    'x-frame-options': 'SAMEORIGIN',\n    'x-notion-request-id': '1b57be10-e18b-452f-afd6-cea48264e552',\n    'x-permitted-cross-domain-policies': 'none',\n    'x-xss-protection': '0',\n    'set-cookie': '__cf_bm=qEUgNj07qb7VBpaMEfbV_3e9ViucXpdRLTfX2pfTYhs-1778708619.355472-1.0.1.1-VI0qgV39iTQP5aTfRHzpcOOG1p0XpSPlon87ztnL1r_gcF6CC_5stt6BjqyuxPannQKFObi9MHdGl810yxZixLZGsfUV4mw55kCECrnNo8eq8PDIYMLQX5UHRLQMb_SO; HttpOnly; SameSite=None; Secure; Path=/; Domain=notion.com; Expires=Wed, 13 May 2026 22:13:39 GMT',\n    'alt-svc': 'h3=\":443\"; ma=86400'\n  },\n  body: '{\"object\":\"error\",\"status\":400,\"code\":\"validation_error\",\"message\":\"Sentiment is expected to be rich_text.\",\"request_id\":\"1b57be10-e18b-452f-afd6-cea48264e552\"}',\n  additional_data: undefined,\n  request_id: '1b57be10-e18b-452f-afd6-cea48264e552'\n}"},"metadata":{"emulator":{"name":"functions"},"function":{"name":"us-central1-appendNotionRecord"},"extension":{},"message":"\u001b[90m> \u001b[39m {\"severity\":\"ERROR\",\"message\":\"Failed to append Notion record APIResponseError: Sentiment is expected to be rich_text.\\n    at buildRequestError (/home/mmills/Documents/ObserveAI-Assessment/functions/node_modules/@notionhq/client/build/src/errors.js:215:16)\\n    at Client.executeSingleRequest (/home/mmills/Documents/ObserveAI-Assessment/functions/node_modules/@notionhq/client/build/src/Client.js:873:50)\\n    at process.processTicksAndRejections (node:internal/process/task_queues:105:5)\\n    at async Client.executeWithRetry (/home/mmills/Documents/ObserveAI-Assessment/functions/node_modules/@notionhq/client/build/src/Client.js:831:24)\\n    at async appendNotionDatabaseRecord (/home/mmills/Documents/ObserveAI-Assessment/functions/lib/notion/append-database-record.js:25:22)\\n    at async /home/mmills/Documents/ObserveAI-Assessment/functions/lib/index.js:118:24\\n    at async /home/mmills/Documents/ObserveAI-Assessment/functions/node_modules/firebase-functions/lib/common/providers/https.js:566:4\\n    at async runFunction (/usr/local/lib/node_modules/firebase-tools/lib/emulator/functionsEmulatorRuntime.js:400:9)\\n    at async runHTTPS (/usr/local/lib/node_modules/firebase-tools/lib/emulator/functionsEmulatorRuntime.js:425:5)\\n    at async /usr/local/lib/node_modules/firebase-tools/lib/emulator/functionsEmulatorRuntime.js:592:21 {\\n  code: 'validation_error',\\n  status: 400,\\n  headers: Headers {\\n    date: 'Wed, 13 May 2026 21:43:39 GMT',\\n    'content-type': 'application/json; charset=utf-8',\\n    'content-length': '160',\\n    connection: 'keep-alive',\\n    'cf-ray': '9fb4d706fb807cb1-EWR',\\n    'cf-cache-status': 'DYNAMIC',\\n    etag: 'W/\\\"a0-+hSA28CPFI37UJOx1yedLOXMowU\\\"',\\n    server: 'cloudflare',\\n    'strict-transport-security': 'max-age=31536000; includeSubDomains; preload',\\n    vary: 'Accept-Encoding',\\n    'content-security-policy': \\\"default-src 'none'\\\",\\n    'referrer-policy': 'strict-origin-when-cross-origin',\\n    'x-content-type-options': 'nosniff',\\n    'x-dns-prefetch-control': 'off',\\n    'x-download-options': 'noopen',\\n    'x-frame-options': 'SAMEORIGIN',\\n    'x-notion-request-id': '1b57be10-e18b-452f-afd6-cea48264e552',\\n    'x-permitted-cross-domain-policies': 'none',\\n    'x-xss-protection': '0',\\n    'set-cookie': '__cf_bm=qEUgNj07qb7VBpaMEfbV_3e9ViucXpdRLTfX2pfTYhs-1778708619.355472-1.0.1.1-VI0qgV39iTQP5aTfRHzpcOOG1p0XpSPlon87ztnL1r_gcF6CC_5stt6BjqyuxPannQKFObi9MHdGl810yxZixLZGsfUV4mw55kCECrnNo8eq8PDIYMLQX5UHRLQMb_SO; HttpOnly; SameSite=None; Secure; Path=/; Domain=notion.com; Expires=Wed, 13 May 2026 22:13:39 GMT',\\n    'alt-svc': 'h3=\\\":443\\\"; ma=86400'\\n  },\\n  body: '{\\\"object\\\":\\\"error\\\",\\\"status\\\":400,\\\"code\\\":\\\"validation_error\\\",\\\"message\\\":\\\"Sentiment is expected to be rich_text.\\\",\\\"request_id\\\":\\\"1b57be10-e18b-452f-afd6-cea48264e552\\\"}',\\n  additional_data: undefined,\\n  request_id: '1b57be10-e18b-452f-afd6-cea48264e552'\\n}\"}"}}
[debug] [2026-05-13T21:43:39.499Z] Finishing up request with event=pause {"metadata":{"emulator":{"name":"functions"},"function":{"name":"us-central1-appendNotionRecord"},"extension":{},"message":"Finishing up request with event=pause"}}
[info] i  functions: Finished "us-central1-appendNotionRecord" in 202.388235ms {"metadata":{"emulator":{"name":"functions"},"function":{"name":"us-central1-appendNotionRecord"},"extension":{},"message":"Finished \"us-central1-appendNotionRecord\" in 202.388235ms"}}
[debug] [2026-05-13T21:43:39.499Z] [worker-us-central1-appendNotionRecord-524380d4-7657-4498-8869-6805af195e79]: IDLE {"metadata":{"emulator":{"name":"functions"},"function":{"name":"us-central1-appendNotionRecord"},"extension":{},"message":"[worker-us-central1-appendNotionRecord-524380d4-7657-4498-8869-6805af195e79]: IDLE"}}
[debug] [2026-05-13T21:43:39.499Z] Finishing up request with event=finish {"metadata":{"emulator":{"name":"functions"},"function":{"name":"us-central1-appendNotionRecord"},"extension":{},"message":"Finishing up request with event=finish"}}
[debug] [2026-05-13T21:43:39.500Z] Finishing up request with event=close {"metadata":{"emulator":{"name":"functions"},"function":{"name":"us-central1-appendNotionRecord"},"extension":{},"message":"Finishing up request with event=close"}}
[debug] [2026-05-13T21:43:39.500Z] [work-queue] {"queuedWork":[],"queueLength":0,"runningWork":[],"workRunningCount":0}
[debug] [2026-05-13T21:44:42.615Z] File /home/mmills/Documents/ObserveAI-Assessment/functions/src/notion/append-database-record.ts changed, reloading triggers {"metadata":{"emulator":{"name":"functions"},"message":"File /home/mmills/Documents/ObserveAI-Assessment/functions/src/notion/append-database-record.ts changed, reloading triggers"}}
[debug] [2026-05-13T21:44:43.615Z] Validating nodejs source
[debug] [2026-05-13T21:44:43.951Z] > [functions] package.json contents: {
  "name": "functions",
  "scripts": {
    "lint": "eslint --ext .js,.ts .",
    "build": "tsc",
    "build:watch": "tsc --watch",
    "serve": "npm run build && firebase emulators:start --only functions",
    "shell": "npm run build && firebase functions:shell",
    "start": "npm run shell",
    "deploy": "firebase deploy --only functions",
    "logs": "firebase functions:log"
  },
  "engines": {
    "node": "24"
  },
  "main": "lib/index.js",
  "dependencies": {
    "@notionhq/client": "^5.21.0",
    "firebase-admin": "^13.6.0",
    "firebase-functions": "^7.0.0"
  },
  "devDependencies": {
    "@typescript-eslint/eslint-plugin": "^5.12.0",
    "@typescript-eslint/parser": "^5.12.0",
    "eslint": "^8.9.0",
    "eslint-config-google": "^0.14.0",
    "eslint-plugin-import": "^2.25.4",
    "firebase-functions-test": "^3.4.1",
    "typescript": "^6.0.0"
  },
  "private": true
}
[debug] [2026-05-13T21:44:43.951Z] Building nodejs source
[debug] [2026-05-13T21:44:43.951Z] Failed to find version of module node: reached end of search path /home/mmills/Documents/ObserveAI-Assessment/functions/node_modules
[info] ✔  functions: Using node@24 from host. 
[debug] [2026-05-13T21:44:43.952Z] Could not find functions.yaml. Must use http discovery
[debug] [2026-05-13T21:44:43.953Z] Found firebase-functions binary at '/home/mmills/Documents/ObserveAI-Assessment/functions/node_modules/.bin/firebase-functions'
[info] Serving at port 8399

[debug] [2026-05-13T21:44:44.222Z] Got response from /__/functions.yaml {"endpoints":{"getNotionRecord":{"availableMemoryMb":null,"timeoutSeconds":null,"minInstances":null,"maxInstances":10,"ingressSettings":null,"concurrency":null,"serviceAccountEmail":null,"vpc":null,"platform":"gcfv2","secretEnvironmentVariables":[{"key":"NOTION_TOKEN"}],"labels":{},"httpsTrigger":{},"entryPoint":"getNotionRecord"},"appendNotionRecord":{"availableMemoryMb":null,"timeoutSeconds":null,"minInstances":null,"maxInstances":10,"ingressSettings":null,"concurrency":null,"serviceAccountEmail":null,"vpc":null,"platform":"gcfv2","secretEnvironmentVariables":[{"key":"NOTION_TOKEN"}],"labels":{},"httpsTrigger":{},"entryPoint":"appendNotionRecord"}},"specVersion":"v1alpha1","requiredAPIs":[],"extensions":{},"params":[{"type":"secret","name":"NOTION_TOKEN"}]}
[info] ✔  functions: Loaded functions definitions from source: getNotionRecord, appendNotionRecord. {"metadata":{"emulator":{"name":"functions"},"message":"Loaded functions definitions from source: getNotionRecord, appendNotionRecord."}}
[debug] [2026-05-13T21:44:48.236Z] [worker-pool] Shutting down IDLE worker (us-central1-appendNotionRecord) {"metadata":{"emulator":{"name":"functions"},"message":"[worker-pool] Shutting down IDLE worker (us-central1-appendNotionRecord)"}}
[debug] [2026-05-13T21:44:48.236Z] [worker-us-central1-appendNotionRecord-524380d4-7657-4498-8869-6805af195e79]: FINISHING {"metadata":{"emulator":{"name":"functions"},"function":{"name":"us-central1-appendNotionRecord"},"extension":{},"message":"[worker-us-central1-appendNotionRecord-524380d4-7657-4498-8869-6805af195e79]: FINISHING"}}
[debug] [2026-05-13T21:44:48.245Z] [worker-us-central1-appendNotionRecord-524380d4-7657-4498-8869-6805af195e79]: exited {"metadata":{"emulator":{"name":"functions"},"function":{"name":"us-central1-appendNotionRecord"},"extension":{},"message":"[worker-us-central1-appendNotionRecord-524380d4-7657-4498-8869-6805af195e79]: exited"}}
[debug] [2026-05-13T21:44:48.245Z] [worker-us-central1-appendNotionRecord-524380d4-7657-4498-8869-6805af195e79]: FINISHED {"metadata":{"emulator":{"name":"functions"},"function":{"name":"us-central1-appendNotionRecord"},"extension":{},"message":"[worker-us-central1-appendNotionRecord-524380d4-7657-4498-8869-6805af195e79]: FINISHED"}}
[debug] [2026-05-13T21:44:48.669Z] File /home/mmills/Documents/ObserveAI-Assessment/functions/lib/notion/append-database-record.js.map changed, reloading triggers {"metadata":{"emulator":{"name":"functions"},"message":"File /home/mmills/Documents/ObserveAI-Assessment/functions/lib/notion/append-database-record.js.map changed, reloading triggers"}}
[debug] [2026-05-13T21:44:48.669Z] File /home/mmills/Documents/ObserveAI-Assessment/functions/lib/notion/append-database-record.js changed, reloading triggers {"metadata":{"emulator":{"name":"functions"},"message":"File /home/mmills/Documents/ObserveAI-Assessment/functions/lib/notion/append-database-record.js changed, reloading triggers"}}
[debug] [2026-05-13T21:44:48.678Z] File /home/mmills/Documents/ObserveAI-Assessment/functions/lib/notion/get-database-record.js.map changed, reloading triggers {"metadata":{"emulator":{"name":"functions"},"message":"File /home/mmills/Documents/ObserveAI-Assessment/functions/lib/notion/get-database-record.js.map changed, reloading triggers"}}
[debug] [2026-05-13T21:44:48.679Z] File /home/mmills/Documents/ObserveAI-Assessment/functions/lib/notion/get-database-record.js changed, reloading triggers {"metadata":{"emulator":{"name":"functions"},"message":"File /home/mmills/Documents/ObserveAI-Assessment/functions/lib/notion/get-database-record.js changed, reloading triggers"}}
[debug] [2026-05-13T21:44:48.686Z] File /home/mmills/Documents/ObserveAI-Assessment/functions/lib/index.js.map changed, reloading triggers {"metadata":{"emulator":{"name":"functions"},"message":"File /home/mmills/Documents/ObserveAI-Assessment/functions/lib/index.js.map changed, reloading triggers"}}
[debug] [2026-05-13T21:44:48.687Z] File /home/mmills/Documents/ObserveAI-Assessment/functions/lib/index.js changed, reloading triggers {"metadata":{"emulator":{"name":"functions"},"message":"File /home/mmills/Documents/ObserveAI-Assessment/functions/lib/index.js changed, reloading triggers"}}
[debug] [2026-05-13T21:44:49.688Z] Validating nodejs source
[debug] [2026-05-13T21:44:49.993Z] > [functions] package.json contents: {
  "name": "functions",
  "scripts": {
    "lint": "eslint --ext .js,.ts .",
    "build": "tsc",
    "build:watch": "tsc --watch",
    "serve": "npm run build && firebase emulators:start --only functions",
    "shell": "npm run build && firebase functions:shell",
    "start": "npm run shell",
    "deploy": "firebase deploy --only functions",
    "logs": "firebase functions:log"
  },
  "engines": {
    "node": "24"
  },
  "main": "lib/index.js",
  "dependencies": {
    "@notionhq/client": "^5.21.0",
    "firebase-admin": "^13.6.0",
    "firebase-functions": "^7.0.0"
  },
  "devDependencies": {
    "@typescript-eslint/eslint-plugin": "^5.12.0",
    "@typescript-eslint/parser": "^5.12.0",
    "eslint": "^8.9.0",
    "eslint-config-google": "^0.14.0",
    "eslint-plugin-import": "^2.25.4",
    "firebase-functions-test": "^3.4.1",
    "typescript": "^6.0.0"
  },
  "private": true
}
[debug] [2026-05-13T21:44:49.993Z] Building nodejs source
[debug] [2026-05-13T21:44:49.993Z] Failed to find version of module node: reached end of search path /home/mmills/Documents/ObserveAI-Assessment/functions/node_modules
[info] ✔  functions: Using node@24 from host. 
[debug] [2026-05-13T21:44:49.994Z] Could not find functions.yaml. Must use http discovery
[debug] [2026-05-13T21:44:49.995Z] Found firebase-functions binary at '/home/mmills/Documents/ObserveAI-Assessment/functions/node_modules/.bin/firebase-functions'
[info] Serving at port 8018

[debug] [2026-05-13T21:44:50.267Z] Got response from /__/functions.yaml {"endpoints":{"getNotionRecord":{"availableMemoryMb":null,"timeoutSeconds":null,"minInstances":null,"maxInstances":10,"ingressSettings":null,"concurrency":null,"serviceAccountEmail":null,"vpc":null,"platform":"gcfv2","secretEnvironmentVariables":[{"key":"NOTION_TOKEN"}],"labels":{},"httpsTrigger":{},"entryPoint":"getNotionRecord"},"appendNotionRecord":{"availableMemoryMb":null,"timeoutSeconds":null,"minInstances":null,"maxInstances":10,"ingressSettings":null,"concurrency":null,"serviceAccountEmail":null,"vpc":null,"platform":"gcfv2","secretEnvironmentVariables":[{"key":"NOTION_TOKEN"}],"labels":{},"httpsTrigger":{},"entryPoint":"appendNotionRecord"}},"specVersion":"v1alpha1","requiredAPIs":[],"extensions":{},"params":[{"type":"secret","name":"NOTION_TOKEN"}]}
[info] ✔  functions: Loaded functions definitions from source: getNotionRecord, appendNotionRecord. {"metadata":{"emulator":{"name":"functions"},"message":"Loaded functions definitions from source: getNotionRecord, appendNotionRecord."}}
[debug] [2026-05-13T21:45:37.280Z] [work-queue] {"queuedWork":["/observe-ai-11a08/us-central1/appendNotionRecord-2026-05-13T21:45:37.280Z"],"queueLength":1,"runningWork":[],"workRunningCount":0}
[debug] [2026-05-13T21:45:37.280Z] [work-queue] {"queuedWork":[],"queueLength":0,"runningWork":["/observe-ai-11a08/us-central1/appendNotionRecord-2026-05-13T21:45:37.280Z"],"workRunningCount":1}
[debug] [2026-05-13T21:45:37.280Z] Accepted request POST /observe-ai-11a08/us-central1/appendNotionRecord --> us-central1-appendNotionRecord
[debug] [2026-05-13T21:45:37.282Z] [functions] Runtime ready! Sending request! {"metadata":{"emulator":{"name":"functions"},"message":"[functions] Runtime ready! Sending request!"}}
[debug] [2026-05-13T21:45:37.282Z] [functions] Got req.url=/observe-ai-11a08/us-central1/appendNotionRecord, mapping to path=/ {"metadata":{"emulator":{"name":"functions"},"message":"[functions] Got req.url=/observe-ai-11a08/us-central1/appendNotionRecord, mapping to path=/"}}
[debug] [2026-05-13T21:45:37.282Z] [worker-pool] Cleaned up workers for us-central1-appendNotionRecord: 1 --> 0 {"metadata":{"emulator":{"name":"functions"},"message":"[worker-pool] Cleaned up workers for us-central1-appendNotionRecord: 1 --> 0"}}
[info] i  functions: Trying to access secret NOTION_TOKEN@latest {"metadata":{"emulator":{"name":"functions"},"message":"Trying to access secret NOTION_TOKEN@latest"}}
[debug] [2026-05-13T21:45:37.282Z] Checked if tokens are valid: true, expires at: 1778712076906
[debug] [2026-05-13T21:45:37.282Z] Checked if tokens are valid: true, expires at: 1778712076906
[debug] [2026-05-13T21:45:37.283Z] >>> [apiv2][query] GET https://secretmanager.googleapis.com/v1/projects/observe-ai-11a08/secrets/NOTION_TOKEN/versions/latest:access [none]
[debug] [2026-05-13T21:45:37.435Z] <<< [apiv2][status] GET https://secretmanager.googleapis.com/v1/projects/observe-ai-11a08/secrets/NOTION_TOKEN/versions/latest:access 200
[debug] [2026-05-13T21:45:37.435Z] <<< [apiv2][body] GET https://secretmanager.googleapis.com/v1/projects/observe-ai-11a08/secrets/NOTION_TOKEN/versions/latest:access {"name":"projects/858365875706/secrets/NOTION_TOKEN/versions/2","payload":{"data":"bnRuX1k3ODM1MDAyNjYwNk5zVndJM09xQ2xxREhST2xKRXFNU0NORnJoYXhDcnpjeW0=","dataCrc32c":"3986864935"}}
[debug] [2026-05-13T21:45:37.437Z] [worker-pool] addWorker(us-central1-appendNotionRecord) {"metadata":{"emulator":{"name":"functions"},"message":"[worker-pool] addWorker(us-central1-appendNotionRecord)"}}
[debug] [2026-05-13T21:45:37.437Z] [worker-pool] Adding worker with key us-central1-appendNotionRecord, total=1 {"metadata":{"emulator":{"name":"functions"},"message":"[worker-pool] Adding worker with key us-central1-appendNotionRecord, total=1"}}
[debug] [2026-05-13T21:45:37.863Z] [runtime-status] [52254] Resolved module firebase-admin {"declared":true,"installed":true,"version":"13.9.0","resolution":"/home/mmills/Documents/ObserveAI-Assessment/functions/node_modules/firebase-admin/lib/index.js"} {"metadata":{"emulator":{"name":"functions"},"function":{"name":"us-central1-appendNotionRecord"},"extension":{},"message":"[runtime-status] [52254] Resolved module firebase-admin {\"declared\":true,\"installed\":true,\"version\":\"13.9.0\",\"resolution\":\"/home/mmills/Documents/ObserveAI-Assessment/functions/node_modules/firebase-admin/lib/index.js\"}"}}
[debug] [2026-05-13T21:45:37.864Z] [runtime-status] [52254] Resolved module firebase-functions {"declared":true,"installed":true,"version":"7.2.5","resolution":"/home/mmills/Documents/ObserveAI-Assessment/functions/node_modules/firebase-functions/lib/v2/index.js"} {"metadata":{"emulator":{"name":"functions"},"function":{"name":"us-central1-appendNotionRecord"},"extension":{},"message":"[runtime-status] [52254] Resolved module firebase-functions {\"declared\":true,\"installed\":true,\"version\":\"7.2.5\",\"resolution\":\"/home/mmills/Documents/ObserveAI-Assessment/functions/node_modules/firebase-functions/lib/v2/index.js\"}"}}
[debug] [2026-05-13T21:45:37.864Z] [runtime-status] [52254] Outgoing network have been stubbed. [{"name":"http","status":"mocked"},{"name":"http","status":"mocked"},{"name":"https","status":"mocked"},{"name":"https","status":"mocked"},{"name":"net","status":"mocked"}] {"metadata":{"emulator":{"name":"functions"},"function":{"name":"us-central1-appendNotionRecord"},"extension":{},"message":"[runtime-status] [52254] Outgoing network have been stubbed. [{\"name\":\"http\",\"status\":\"mocked\"},{\"name\":\"http\",\"status\":\"mocked\"},{\"name\":\"https\",\"status\":\"mocked\"},{\"name\":\"https\",\"status\":\"mocked\"},{\"name\":\"net\",\"status\":\"mocked\"}]"}}
[debug] [2026-05-13T21:45:37.865Z] [runtime-status] [52254] Resolved module firebase-functions {"declared":true,"installed":true,"version":"7.2.5","resolution":"/home/mmills/Documents/ObserveAI-Assessment/functions/node_modules/firebase-functions/lib/v2/index.js"} {"metadata":{"emulator":{"name":"functions"},"function":{"name":"us-central1-appendNotionRecord"},"extension":{},"message":"[runtime-status] [52254] Resolved module firebase-functions {\"declared\":true,\"installed\":true,\"version\":\"7.2.5\",\"resolution\":\"/home/mmills/Documents/ObserveAI-Assessment/functions/node_modules/firebase-functions/lib/v2/index.js\"}"}}
[debug] [2026-05-13T21:45:37.865Z] [runtime-status] [52254] Detected firebase-functions v7+, skipping legacy stubs. {"metadata":{"emulator":{"name":"functions"},"function":{"name":"us-central1-appendNotionRecord"},"extension":{},"message":"[runtime-status] [52254] Detected firebase-functions v7+, skipping legacy stubs."}}
[debug] [2026-05-13T21:45:37.865Z] [runtime-status] [52254] Resolved module firebase-admin {"declared":true,"installed":true,"version":"13.9.0","resolution":"/home/mmills/Documents/ObserveAI-Assessment/functions/node_modules/firebase-admin/lib/index.js"} {"metadata":{"emulator":{"name":"functions"},"function":{"name":"us-central1-appendNotionRecord"},"extension":{},"message":"[runtime-status] [52254] Resolved module firebase-admin {\"declared\":true,\"installed\":true,\"version\":\"13.9.0\",\"resolution\":\"/home/mmills/Documents/ObserveAI-Assessment/functions/node_modules/firebase-admin/lib/index.js\"}"}}
[debug] [2026-05-13T21:45:37.892Z] [runtime-status] [52254] Resolved module firebase-functions {"declared":true,"installed":true,"version":"7.2.5","resolution":"/home/mmills/Documents/ObserveAI-Assessment/functions/node_modules/firebase-functions/lib/v2/index.js"} {"metadata":{"emulator":{"name":"functions"},"function":{"name":"us-central1-appendNotionRecord"},"extension":{},"message":"[runtime-status] [52254] Resolved module firebase-functions {\"declared\":true,\"installed\":true,\"version\":\"7.2.5\",\"resolution\":\"/home/mmills/Documents/ObserveAI-Assessment/functions/node_modules/firebase-functions/lib/v2/index.js\"}"}}
[debug] [2026-05-13T21:45:38.022Z] [runtime-status] [52254] firebase-admin has been stubbed. {"adminResolution":{"declared":true,"installed":true,"version":"13.9.0","resolution":"/home/mmills/Documents/ObserveAI-Assessment/functions/node_modules/firebase-admin/lib/index.js"}} {"metadata":{"emulator":{"name":"functions"},"function":{"name":"us-central1-appendNotionRecord"},"extension":{},"message":"[runtime-status] [52254] firebase-admin has been stubbed. {\"adminResolution\":{\"declared\":true,\"installed\":true,\"version\":\"13.9.0\",\"resolution\":\"/home/mmills/Documents/ObserveAI-Assessment/functions/node_modules/firebase-admin/lib/index.js\"}}"}}
[debug] [2026-05-13T21:45:38.032Z] [runtime-status] [52254] Functions runtime initialized. {"cwd":"/home/mmills/Documents/ObserveAI-Assessment/functions","node_version":"24.6.0"} {"metadata":{"emulator":{"name":"functions"},"function":{"name":"us-central1-appendNotionRecord"},"extension":{},"message":"[runtime-status] [52254] Functions runtime initialized. {\"cwd\":\"/home/mmills/Documents/ObserveAI-Assessment/functions\",\"node_version\":\"24.6.0\"}"}}
[debug] [2026-05-13T21:45:38.033Z] [runtime-status] [52254] Listening to port: /tmp/fire_emu_e29891cd0c30c2fb.sock {"metadata":{"emulator":{"name":"functions"},"function":{"name":"us-central1-appendNotionRecord"},"extension":{},"message":"[runtime-status] [52254] Listening to port: /tmp/fire_emu_e29891cd0c30c2fb.sock"}}
[debug] [2026-05-13T21:45:38.048Z] [worker-us-central1-appendNotionRecord-80c76eff-a371-4db6-834b-7d82ab9ee316]: IDLE {"metadata":{"emulator":{"name":"functions"},"function":{"name":"us-central1-appendNotionRecord"},"extension":{},"message":"[worker-us-central1-appendNotionRecord-80c76eff-a371-4db6-834b-7d82ab9ee316]: IDLE"}}
[debug] [2026-05-13T21:45:38.048Z] [worker-pool] submitRequest(triggerId=us-central1-appendNotionRecord) {"metadata":{"emulator":{"name":"functions"},"message":"[worker-pool] submitRequest(triggerId=us-central1-appendNotionRecord)"}}
[info] i  functions: Beginning execution of "us-central1-appendNotionRecord" {"metadata":{"emulator":{"name":"functions"},"function":{"name":"us-central1-appendNotionRecord"},"extension":{},"message":"Beginning execution of \"us-central1-appendNotionRecord\""}}
[debug] [2026-05-13T21:45:38.048Z] [worker-us-central1-appendNotionRecord-80c76eff-a371-4db6-834b-7d82ab9ee316]: BUSY {"metadata":{"emulator":{"name":"functions"},"function":{"name":"us-central1-appendNotionRecord"},"extension":{},"message":"[worker-us-central1-appendNotionRecord-80c76eff-a371-4db6-834b-7d82ab9ee316]: BUSY"}}
[debug] [2026-05-13T21:45:38.491Z] Finishing up request with event=pause {"metadata":{"emulator":{"name":"functions"},"function":{"name":"us-central1-appendNotionRecord"},"extension":{},"message":"Finishing up request with event=pause"}}
[info] i  functions: Finished "us-central1-appendNotionRecord" in 443.054293ms {"metadata":{"emulator":{"name":"functions"},"function":{"name":"us-central1-appendNotionRecord"},"extension":{},"message":"Finished \"us-central1-appendNotionRecord\" in 443.054293ms"}}
[debug] [2026-05-13T21:45:38.491Z] [worker-us-central1-appendNotionRecord-80c76eff-a371-4db6-834b-7d82ab9ee316]: IDLE {"metadata":{"emulator":{"name":"functions"},"function":{"name":"us-central1-appendNotionRecord"},"extension":{},"message":"[worker-us-central1-appendNotionRecord-80c76eff-a371-4db6-834b-7d82ab9ee316]: IDLE"}}
[debug] [2026-05-13T21:45:38.492Z] Finishing up request with event=finish {"metadata":{"emulator":{"name":"functions"},"function":{"name":"us-central1-appendNotionRecord"},"extension":{},"message":"Finishing up request with event=finish"}}
[debug] [2026-05-13T21:45:38.492Z] Finishing up request with event=close {"metadata":{"emulator":{"name":"functions"},"function":{"name":"us-central1-appendNotionRecord"},"extension":{},"message":"Finishing up request with event=close"}}
[debug] [2026-05-13T21:45:38.492Z] [work-queue] {"queuedWork":[],"queueLength":0,"runningWork":[],"workRunningCount":0}
